<?xml version="1.0" encoding="UTF-8"?>
<!-- Generated by org.testng.reporters.JUnitReportReporter -->
<testsuite skipped="0" hostname="SC-201902231745" name="com.webtest.demo.Admin_Login" tests="1" failures="0" timestamp="14 十一月 2019 09:30:33 GMT" time="8.434" errors="0">
  <testcase name="testLogin" time="8.434" classname="com.webtest.demo.Admin_Login"/>
</testsuite> <!-- com.webtest.demo.Admin_Login -->
