<?xml version="1.0" encoding="UTF-8"?>
<!-- Generated by org.testng.reporters.JUnitReportReporter -->
<testsuite skipped="0" hostname="DESKTOP-4RKDEL1" name="com.webtest.demo.Admin_Login" tests="1" failures="0" timestamp="14 十一月 2019 02:59:59 GMT" time="9.184" errors="0">
  <testcase name="testLogin" time="9.184" classname="com.webtest.demo.Admin_Login"/>
</testsuite> <!-- com.webtest.demo.Admin_Login -->
