<?xml version="1.0" encoding="UTF-8"?>
<!-- Generated by org.testng.reporters.JUnitReportReporter -->
<testsuite skipped="0" hostname="LAPTOP-18ANU3A1" name="com.webtest.demo.Admin_Login" tests="1" failures="0" timestamp="14 十一月 2019 02:26:23 GMT" time="7.282" errors="0">
  <testcase name="testLogin" time="7.282" classname="com.webtest.demo.Admin_Login"/>
</testsuite> <!-- com.webtest.demo.Admin_Login -->
