<?xml version="1.0" encoding="UTF-8"?>
<!-- Generated by org.testng.reporters.JUnitReportReporter -->
<testsuite skipped="0" hostname="172_17_0_13" name="com.webtest.misiying.BackMassageControll" tests="1" failures="0" timestamp="17 十二月 2019 13:26:33 GMT" time="12.990" errors="0">
  <testcase name="test1" time="12.990" classname="com.webtest.misiying.BackMassageControll"/>
</testsuite> <!-- com.webtest.misiying.BackMassageControll -->
