<?xml version="1.0" encoding="UTF-8"?>
<!-- Generated by org.testng.reporters.JUnitReportReporter -->
<testsuite skipped="0" hostname="172_17_0_13" name="com.webtest.wangyiran.IsSailOperate" tests="2" failures="0" timestamp="17 十二月 2019 13:26:33 GMT" time="42.550" errors="0">
  <testcase name="test2" time="18.694" classname="com.webtest.wangyiran.IsSailOperate"/>
  <testcase name="test1" time="23.856" classname="com.webtest.wangyiran.IsSailOperate"/>
</testsuite> <!-- com.webtest.wangyiran.IsSailOperate -->
