<?xml version="1.0" encoding="UTF-8"?>
<!-- Generated by org.testng.reporters.JUnitReportReporter -->
<testsuite skipped="0" hostname="172_17_0_13" name="com.webtest.lizhe.AdManagement" tests="2" failures="0" timestamp="17 十二月 2019 13:26:33 GMT" time="36.683" errors="0">
  <testcase name="test3" time="22.703" classname="com.webtest.lizhe.AdManagement"/>
  <testcase name="test1" time="13.980" classname="com.webtest.lizhe.AdManagement"/>
</testsuite> <!-- com.webtest.lizhe.AdManagement -->
