<?xml version="1.0" encoding="UTF-8"?>
<!-- Generated by org.testng.reporters.JUnitReportReporter -->
<testsuite skipped="0" hostname="172_17_0_13" name="com.webtest.lizhe.PayManagement" tests="3" failures="0" timestamp="17 十二月 2019 13:26:33 GMT" time="40.351" errors="0">
  <testcase name="test1" time="13.929" classname="com.webtest.lizhe.PayManagement"/>
  <testcase name="test2" time="13.297" classname="com.webtest.lizhe.PayManagement"/>
  <testcase name="test3" time="13.125" classname="com.webtest.lizhe.PayManagement"/>
</testsuite> <!-- com.webtest.lizhe.PayManagement -->
