<?xml version="1.0" encoding="UTF-8"?>
<!-- Generated by org.testng.reporters.JUnitReportReporter -->
<testsuite skipped="0" hostname="172_17_0_13" name="com.webtest.renzixuan.Chakan" tests="6" failures="0" timestamp="17 十二月 2019 13:26:33 GMT" time="53.639" errors="0">
  <testcase name="test1" time="11.686" classname="com.webtest.renzixuan.Chakan"/>
  <testcase name="test5" time="8.422" classname="com.webtest.renzixuan.Chakan"/>
  <testcase name="test3" time="8.406" classname="com.webtest.renzixuan.Chakan"/>
  <testcase name="test2" time="8.344" classname="com.webtest.renzixuan.Chakan"/>
  <testcase name="test6" time="8.390" classname="com.webtest.renzixuan.Chakan"/>
  <testcase name="test4" time="8.391" classname="com.webtest.renzixuan.Chakan"/>
</testsuite> <!-- com.webtest.renzixuan.Chakan -->
