<?xml version="1.0" encoding="UTF-8"?>
<!-- Generated by org.testng.reporters.JUnitReportReporter -->
<testsuite skipped="0" hostname="172_17_0_13" name="com.webtest.misiying.BackRoleManager" tests="3" failures="0" timestamp="17 十二月 2019 13:26:33 GMT" time="64.420" errors="0">
  <testcase name="test1" time="22.873" classname="com.webtest.misiying.BackRoleManager"/>
  <testcase name="test3" time="22.235" classname="com.webtest.misiying.BackRoleManager"/>
  <testcase name="test2" time="19.312" classname="com.webtest.misiying.BackRoleManager"/>
</testsuite> <!-- com.webtest.misiying.BackRoleManager -->
