<?xml version="1.0" encoding="UTF-8"?>
<!-- Generated by org.testng.reporters.JUnitReportReporter -->
<testsuite skipped="0" hostname="172_17_0_13" name="com.webtest.yezi.ShoppingTest" tests="2" failures="0" timestamp="17 十二月 2019 13:26:33 GMT" time="48.922" errors="0">
  <testcase name="test16" time="24.109" classname="com.webtest.yezi.ShoppingTest"/>
  <testcase name="test17" time="24.813" classname="com.webtest.yezi.ShoppingTest"/>
</testsuite> <!-- com.webtest.yezi.ShoppingTest -->
