<?xml version="1.0" encoding="UTF-8"?>
<!-- Generated by org.testng.reporters.JUnitReportReporter -->
<testsuite skipped="0" hostname="172_17_0_13" name="com.webtest.renzixuan.LoginHoutaiFail" tests="2" failures="0" timestamp="17 十二月 2019 13:26:33 GMT" time="17.922" errors="0">
  <testcase name="test2" time="6.938" classname="com.webtest.renzixuan.LoginHoutaiFail"/>
  <testcase name="test1" time="10.984" classname="com.webtest.renzixuan.LoginHoutaiFail"/>
</testsuite> <!-- com.webtest.renzixuan.LoginHoutaiFail -->
