<?xml version="1.0" encoding="UTF-8"?>
<!-- Generated by org.testng.reporters.JUnitReportReporter -->
<testsuite skipped="0" hostname="172_17_0_13" name="com.webtest.wangliyu.WenzhangfenleiTest" tests="7" failures="0" timestamp="17 十二月 2019 13:26:33 GMT" time="165.984" errors="0">
  <testcase name="test6" time="19.828" classname="com.webtest.wangliyu.WenzhangfenleiTest"/>
  <testcase name="test4" time="28.000" classname="com.webtest.wangliyu.WenzhangfenleiTest"/>
  <testcase name="test2" time="20.625" classname="com.webtest.wangliyu.WenzhangfenleiTest"/>
  <testcase name="test3" time="13.578" classname="com.webtest.wangliyu.WenzhangfenleiTest"/>
  <testcase name="test5" time="28.922" classname="com.webtest.wangliyu.WenzhangfenleiTest"/>
  <testcase name="test7" time="21.656" classname="com.webtest.wangliyu.WenzhangfenleiTest"/>
  <testcase name="test1" time="33.375" classname="com.webtest.wangliyu.WenzhangfenleiTest"/>
</testsuite> <!-- com.webtest.wangliyu.WenzhangfenleiTest -->
