<?xml version="1.0" encoding="UTF-8"?>
<!-- Generated by org.testng.reporters.JUnitReportReporter -->
<testsuite skipped="0" hostname="172_17_0_13" name="com.webtest.renzixuan.CaiWuGuanLi" tests="6" failures="0" timestamp="17 十二月 2019 13:26:33 GMT" time="79.889" errors="0">
  <testcase name="test2" time="13.047" classname="com.webtest.renzixuan.CaiWuGuanLi"/>
  <testcase name="test5" time="9.672" classname="com.webtest.renzixuan.CaiWuGuanLi"/>
  <testcase name="test1" time="18.216" classname="com.webtest.renzixuan.CaiWuGuanLi"/>
  <testcase name="test3" time="12.859" classname="com.webtest.renzixuan.CaiWuGuanLi"/>
  <testcase name="test4" time="12.984" classname="com.webtest.renzixuan.CaiWuGuanLi"/>
  <testcase name="test6" time="13.111" classname="com.webtest.renzixuan.CaiWuGuanLi"/>
</testsuite> <!-- com.webtest.renzixuan.CaiWuGuanLi -->
