<?xml version="1.0" encoding="UTF-8"?>
<!-- Generated by org.testng.reporters.JUnitReportReporter -->
<testsuite skipped="0" hostname="172_17_0_13" name="com.webtest.misiying.BackStaffManagement" tests="3" failures="0" timestamp="17 十二月 2019 13:26:33 GMT" time="54.997" errors="0">
  <testcase name="test1" time="23.060" classname="com.webtest.misiying.BackStaffManagement"/>
  <testcase name="test2" time="15.797" classname="com.webtest.misiying.BackStaffManagement"/>
  <testcase name="test3" time="16.140" classname="com.webtest.misiying.BackStaffManagement"/>
</testsuite> <!-- com.webtest.misiying.BackStaffManagement -->
