<?xml version="1.0" encoding="UTF-8"?>
<!-- Generated by org.testng.reporters.JUnitReportReporter -->
<testsuite skipped="0" hostname="172_17_0_13" name="com.webtest.misiying.EditPersonalMassage5" tests="5" failures="0" timestamp="17 十二月 2019 13:26:33 GMT" time="57.457" errors="0">
  <testcase name="test3" time="6.982" classname="com.webtest.misiying.EditPersonalMassage5"/>
  <testcase name="test2" time="12.936" classname="com.webtest.misiying.EditPersonalMassage5"/>
  <testcase name="test1" time="11.735" classname="com.webtest.misiying.EditPersonalMassage5"/>
  <testcase name="test4" time="6.767" classname="com.webtest.misiying.EditPersonalMassage5"/>
  <testcase name="test5" time="19.037" classname="com.webtest.misiying.EditPersonalMassage5"/>
</testsuite> <!-- com.webtest.misiying.EditPersonalMassage5 -->
