<?xml version="1.0" encoding="UTF-8"?>
<!-- Generated by org.testng.reporters.JUnitReportReporter -->
<testsuite skipped="0" hostname="172_17_0_13" name="com.webtest.wangyiran.NewGoodsEdit" tests="20" failures="0" timestamp="17 十二月 2019 13:26:33 GMT" time="460.885" errors="0">
  <testcase name="test1" time="21.297" classname="com.webtest.wangyiran.NewGoodsEdit"/>
  <testcase name="test18" time="24.523" classname="com.webtest.wangyiran.NewGoodsEdit"/>
  <testcase name="test19" time="24.668" classname="com.webtest.wangyiran.NewGoodsEdit"/>
  <testcase name="test4" time="17.642" classname="com.webtest.wangyiran.NewGoodsEdit"/>
  <testcase name="test2" time="17.748" classname="com.webtest.wangyiran.NewGoodsEdit"/>
  <testcase name="test13" time="23.000" classname="com.webtest.wangyiran.NewGoodsEdit"/>
  <testcase name="test17" time="19.593" classname="com.webtest.wangyiran.NewGoodsEdit"/>
  <testcase name="test8" time="19.641" classname="com.webtest.wangyiran.NewGoodsEdit"/>
  <testcase name="test10" time="19.906" classname="com.webtest.wangyiran.NewGoodsEdit"/>
  <testcase name="test9" time="19.859" classname="com.webtest.wangyiran.NewGoodsEdit"/>
  <testcase name="test7" time="19.656" classname="com.webtest.wangyiran.NewGoodsEdit"/>
  <testcase name="test11" time="21.272" classname="com.webtest.wangyiran.NewGoodsEdit"/>
  <testcase name="test5" time="25.297" classname="com.webtest.wangyiran.NewGoodsEdit"/>
  <testcase name="test20" time="43.382" classname="com.webtest.wangyiran.NewGoodsEdit"/>
  <testcase name="test16" time="28.527" classname="com.webtest.wangyiran.NewGoodsEdit"/>
  <testcase name="test12" time="22.803" classname="com.webtest.wangyiran.NewGoodsEdit"/>
  <testcase name="test3" time="23.427" classname="com.webtest.wangyiran.NewGoodsEdit"/>
  <testcase name="test15" time="21.301" classname="com.webtest.wangyiran.NewGoodsEdit"/>
  <testcase name="test6" time="27.812" classname="com.webtest.wangyiran.NewGoodsEdit"/>
  <testcase name="test14" time="19.531" classname="com.webtest.wangyiran.NewGoodsEdit"/>
</testsuite> <!-- com.webtest.wangyiran.NewGoodsEdit -->
