<?xml version="1.0" encoding="UTF-8"?>
<!-- Generated by org.testng.reporters.JUnitReportReporter -->
<testsuite skipped="0" hostname="172_17_0_13" name="com.webtest.misiying.IntegralManage9" tests="9" failures="0" timestamp="17 十二月 2019 13:26:33 GMT" time="117.687" errors="0">
  <testcase name="test9" time="13.281" classname="com.webtest.misiying.IntegralManage9"/>
  <testcase name="test6" time="13.141" classname="com.webtest.misiying.IntegralManage9"/>
  <testcase name="test3" time="13.390" classname="com.webtest.misiying.IntegralManage9"/>
  <testcase name="test7" time="17.219" classname="com.webtest.misiying.IntegralManage9"/>
  <testcase name="test1" time="10.359" classname="com.webtest.misiying.IntegralManage9"/>
  <testcase name="test4" time="10.203" classname="com.webtest.misiying.IntegralManage9"/>
  <testcase name="test5" time="13.031" classname="com.webtest.misiying.IntegralManage9"/>
  <testcase name="test8" time="13.750" classname="com.webtest.misiying.IntegralManage9"/>
  <testcase name="test2" time="13.313" classname="com.webtest.misiying.IntegralManage9"/>
</testsuite> <!-- com.webtest.misiying.IntegralManage9 -->
