<?xml version="1.0" encoding="UTF-8"?>
<!-- Generated by org.testng.reporters.JUnitReportReporter -->
<testsuite skipped="0" hostname="172_17_0_13" name="com.webtest.wangliyu.Out" tests="2" failures="0" timestamp="17 十二月 2019 13:26:33 GMT" time="18.031" errors="0">
  <testcase name="test2" time="10.906" classname="com.webtest.wangliyu.Out"/>
  <testcase name="test1" time="7.125" classname="com.webtest.wangliyu.Out"/>
</testsuite> <!-- com.webtest.wangliyu.Out -->
