<?xml version="1.0" encoding="UTF-8"?>
<!-- Generated by org.testng.reporters.JUnitReportReporter -->
<testsuite skipped="0" hostname="172_17_0_13" name="com.webtest.yezi.LoginTest" tests="7" failures="0" timestamp="18 十二月 2019 06:42:29 GMT" time="214.812" errors="0">
  <testcase name="test1" time="50.796" classname="com.webtest.yezi.LoginTest"/>
  <testcase name="test1" time="48.594" classname="com.webtest.yezi.LoginTest"/>
  <testcase name="test2" time="10.562" classname="com.webtest.yezi.LoginTest"/>
  <testcase name="test4" time="32.172" classname="com.webtest.yezi.LoginTest"/>
  <testcase name="test5" time="10.563" classname="com.webtest.yezi.LoginTest"/>
  <testcase name="test3" time="10.406" classname="com.webtest.yezi.LoginTest"/>
  <testcase name="test1" time="51.719" classname="com.webtest.yezi.LoginTest"/>
</testsuite> <!-- com.webtest.yezi.LoginTest -->
