<?xml version="1.0" encoding="UTF-8"?>
<!-- Generated by org.testng.reporters.JUnitReportReporter -->
<testsuite skipped="0" hostname="172_17_0_13" name="com.webtest.renzixuan.LoginFail" tests="3" failures="0" timestamp="17 十二月 2019 13:26:33 GMT" time="59.375" errors="0">
  <testcase name="test3" time="14.500" classname="com.webtest.renzixuan.LoginFail"/>
  <testcase name="test2" time="14.469" classname="com.webtest.renzixuan.LoginFail"/>
  <testcase name="test1" time="30.406" classname="com.webtest.renzixuan.LoginFail"/>
</testsuite> <!-- com.webtest.renzixuan.LoginFail -->
