<?xml version="1.0" encoding="UTF-8"?>
<!-- Generated by org.testng.reporters.JUnitReportReporter -->
<testsuite skipped="0" hostname="172_17_0_13" name="com.webtest.lizhe.NavigationManagement" tests="5" failures="0" timestamp="17 十二月 2019 13:26:33 GMT" time="74.641" errors="0">
  <testcase name="test2" time="13.422" classname="com.webtest.lizhe.NavigationManagement"/>
  <testcase name="test1" time="19.719" classname="com.webtest.lizhe.NavigationManagement"/>
  <testcase name="test5" time="12.672" classname="com.webtest.lizhe.NavigationManagement"/>
  <testcase name="test3" time="16.093" classname="com.webtest.lizhe.NavigationManagement"/>
  <testcase name="test4" time="12.735" classname="com.webtest.lizhe.NavigationManagement"/>
</testsuite> <!-- com.webtest.lizhe.NavigationManagement -->
