<?xml version="1.0" encoding="UTF-8"?>
<!-- Generated by org.testng.reporters.JUnitReportReporter -->
<testsuite skipped="0" hostname="172_17_0_13" name="com.webtest.lizhe.FreightManagement" tests="3" failures="0" timestamp="17 十二月 2019 13:26:33 GMT" time="43.031" errors="0">
  <testcase name="test1" time="9.859" classname="com.webtest.lizhe.FreightManagement"/>
  <testcase name="test2" time="14.953" classname="com.webtest.lizhe.FreightManagement"/>
  <testcase name="test3" time="18.219" classname="com.webtest.lizhe.FreightManagement"/>
</testsuite> <!-- com.webtest.lizhe.FreightManagement -->
