<?xml version="1.0" encoding="UTF-8"?>
<!-- Generated by org.testng.reporters.JUnitReportReporter -->
<testsuite skipped="0" hostname="172_17_0_13" name="com.webtest.wangyiran.BrandManagment" tests="4" failures="0" timestamp="17 十二月 2019 13:26:33 GMT" time="85.531" errors="0">
  <testcase name="test3" time="23.667" classname="com.webtest.wangyiran.BrandManagment"/>
  <testcase name="test2" time="21.786" classname="com.webtest.wangyiran.BrandManagment"/>
  <testcase name="test1" time="17.234" classname="com.webtest.wangyiran.BrandManagment"/>
  <testcase name="test4" time="22.844" classname="com.webtest.wangyiran.BrandManagment"/>
</testsuite> <!-- com.webtest.wangyiran.BrandManagment -->
