<?xml version="1.0" encoding="UTF-8"?>
<!-- Generated by org.testng.reporters.JUnitReportReporter -->
<testsuite skipped="0" hostname="172_17_0_13" name="com.webtest.lizhe.AdAddress" tests="2" failures="0" timestamp="17 十二月 2019 13:26:33 GMT" time="33.969" errors="0">
  <testcase name="test1" time="13.782" classname="com.webtest.lizhe.AdAddress"/>
  <testcase name="test2" time="20.187" classname="com.webtest.lizhe.AdAddress"/>
</testsuite> <!-- com.webtest.lizhe.AdAddress -->
