<?xml version="1.0" encoding="UTF-8"?>
<!-- Generated by org.testng.reporters.JUnitReportReporter -->
<testsuite skipped="0" hostname="172_17_0_13" name="com.webtest.renzixuan.ShangPinGuanLi" tests="5" failures="0" timestamp="17 十二月 2019 13:26:33 GMT" time="65.297" errors="0">
  <testcase name="test1" time="13.187" classname="com.webtest.renzixuan.ShangPinGuanLi"/>
  <testcase name="test4" time="13.114" classname="com.webtest.renzixuan.ShangPinGuanLi"/>
  <testcase name="test3" time="10.425" classname="com.webtest.renzixuan.ShangPinGuanLi"/>
  <testcase name="test2" time="14.607" classname="com.webtest.renzixuan.ShangPinGuanLi"/>
  <testcase name="test5" time="13.964" classname="com.webtest.renzixuan.ShangPinGuanLi"/>
</testsuite> <!-- com.webtest.renzixuan.ShangPinGuanLi -->
