<?xml version="1.0" encoding="UTF-8"?>
<!-- Generated by org.testng.reporters.JUnitReportReporter -->
<testsuite skipped="0" hostname="172_17_0_13" name="com.webtest.wangyiran.IsSalingDoubleClick" tests="4" failures="0" timestamp="17 十二月 2019 13:26:33 GMT" time="71.724" errors="0">
  <testcase name="test2" time="17.797" classname="com.webtest.wangyiran.IsSalingDoubleClick"/>
  <testcase name="test1" time="18.256" classname="com.webtest.wangyiran.IsSalingDoubleClick"/>
  <testcase name="test4" time="17.828" classname="com.webtest.wangyiran.IsSalingDoubleClick"/>
  <testcase name="test3" time="17.843" classname="com.webtest.wangyiran.IsSalingDoubleClick"/>
</testsuite> <!-- com.webtest.wangyiran.IsSalingDoubleClick -->
