<?xml version="1.0" encoding="UTF-8"?>
<!-- Generated by org.testng.reporters.JUnitReportReporter -->
<testsuite skipped="0" hostname="172_17_0_13" name="com.webtest.wangyiran.GoodsClassification" tests="2" failures="0" timestamp="17 十二月 2019 13:26:33 GMT" time="27.302" errors="0">
  <testcase name="test2" time="13.594" classname="com.webtest.wangyiran.GoodsClassification"/>
  <testcase name="test1" time="13.708" classname="com.webtest.wangyiran.GoodsClassification"/>
</testsuite> <!-- com.webtest.wangyiran.GoodsClassification -->
