<?xml version="1.0" encoding="UTF-8"?>
<!-- Generated by org.testng.reporters.JUnitReportReporter -->
<testsuite skipped="0" hostname="172_17_0_13" name="com.webtest.renzixuan.Chaxun" tests="8" failures="0" timestamp="17 十二月 2019 13:26:33 GMT" time="119.546" errors="0">
  <testcase name="test3" time="18.312" classname="com.webtest.renzixuan.Chaxun"/>
  <testcase name="test1" time="19.687" classname="com.webtest.renzixuan.Chaxun"/>
  <testcase name="test5" time="19.047" classname="com.webtest.renzixuan.Chaxun"/>
  <testcase name="test8" time="11.828" classname="com.webtest.renzixuan.Chaxun"/>
  <testcase name="test2" time="11.844" classname="com.webtest.renzixuan.Chaxun"/>
  <testcase name="test4" time="11.828" classname="com.webtest.renzixuan.Chaxun"/>
  <testcase name="test7" time="18.406" classname="com.webtest.renzixuan.Chaxun"/>
  <testcase name="test6" time="8.594" classname="com.webtest.renzixuan.Chaxun"/>
</testsuite> <!-- com.webtest.renzixuan.Chaxun -->
