<?xml version="1.0" encoding="UTF-8"?>
<!-- Generated by org.testng.reporters.JUnitReportReporter -->
<testsuite skipped="0" hostname="172_17_0_13" name="com.webtest.lizhe.ExpressManagement" tests="3" failures="0" timestamp="17 十二月 2019 13:26:33 GMT" time="39.144" errors="0">
  <testcase name="test3" time="13.000" classname="com.webtest.lizhe.ExpressManagement"/>
  <testcase name="test1" time="13.097" classname="com.webtest.lizhe.ExpressManagement"/>
  <testcase name="test2" time="13.047" classname="com.webtest.lizhe.ExpressManagement"/>
</testsuite> <!-- com.webtest.lizhe.ExpressManagement -->
