<?xml version="1.0" encoding="UTF-8"?>
<!-- Generated by org.testng.reporters.JUnitReportReporter -->
<testsuite skipped="0" hostname="172_17_0_13" name="com.webtest.wangyiran.CommodityClassificationShow" tests="3" failures="0" timestamp="17 十二月 2019 13:26:33 GMT" time="51.152" errors="0">
  <testcase name="test3" time="17.125" classname="com.webtest.wangyiran.CommodityClassificationShow"/>
  <testcase name="test2" time="17.031" classname="com.webtest.wangyiran.CommodityClassificationShow"/>
  <testcase name="test1" time="16.996" classname="com.webtest.wangyiran.CommodityClassificationShow"/>
</testsuite> <!-- com.webtest.wangyiran.CommodityClassificationShow -->
