<?xml version="1.0" encoding="UTF-8"?>
<!-- Generated by org.testng.reporters.JUnitReportReporter -->
<testsuite skipped="0" hostname="172_17_0_13" name="com.webtest.renzixuan.DingDanQuxiao" tests="4" failures="0" timestamp="17 十二月 2019 13:26:33 GMT" time="88.780" errors="0">
  <testcase name="test1" time="22.218" classname="com.webtest.renzixuan.DingDanQuxiao"/>
  <testcase name="test4" time="22.219" classname="com.webtest.renzixuan.DingDanQuxiao"/>
  <testcase name="test2" time="22.172" classname="com.webtest.renzixuan.DingDanQuxiao"/>
  <testcase name="test3" time="22.171" classname="com.webtest.renzixuan.DingDanQuxiao"/>
</testsuite> <!-- com.webtest.renzixuan.DingDanQuxiao -->
