<?xml version="1.0" encoding="UTF-8"?>
<!-- Generated by org.testng.reporters.JUnitReportReporter -->
<testsuite skipped="0" hostname="172_17_0_13" name="com.webtest.lizhe.BankManagement" tests="3" failures="0" timestamp="17 十二月 2019 13:26:33 GMT" time="48.297" errors="0">
  <testcase name="test1" time="16.078" classname="com.webtest.lizhe.BankManagement"/>
  <testcase name="test2" time="16.250" classname="com.webtest.lizhe.BankManagement"/>
  <testcase name="test3" time="15.969" classname="com.webtest.lizhe.BankManagement"/>
</testsuite> <!-- com.webtest.lizhe.BankManagement -->
