<?xml version="1.0" encoding="UTF-8"?>
<!-- Generated by org.testng.reporters.JUnitReportReporter -->
<testsuite skipped="0" hostname="172_17_0_13" name="com.webtest.renzixuan.PinPaiTuiJian2" tests="7" failures="0" timestamp="17 十二月 2019 13:26:33 GMT" time="155.218" errors="0">
  <testcase name="test7" time="13.906" classname="com.webtest.renzixuan.PinPaiTuiJian2"/>
  <testcase name="test5" time="28.515" classname="com.webtest.renzixuan.PinPaiTuiJian2"/>
  <testcase name="test6" time="25.266" classname="com.webtest.renzixuan.PinPaiTuiJian2"/>
  <testcase name="test4" time="28.953" classname="com.webtest.renzixuan.PinPaiTuiJian2"/>
  <testcase name="test3" time="13.969" classname="com.webtest.renzixuan.PinPaiTuiJian2"/>
  <testcase name="test1" time="21.687" classname="com.webtest.renzixuan.PinPaiTuiJian2"/>
  <testcase name="test2" time="22.922" classname="com.webtest.renzixuan.PinPaiTuiJian2"/>
</testsuite> <!-- com.webtest.renzixuan.PinPaiTuiJian2 -->
