<?xml version="1.0" encoding="UTF-8"?>
<!-- Generated by org.testng.reporters.JUnitReportReporter -->
<testsuite skipped="0" hostname="172_17_0_13" name="com.webtest.lizhe.ChangePassword" tests="5" failures="0" timestamp="17 十二月 2019 13:26:33 GMT" time="41.093" errors="0">
  <testcase name="test4" time="10.109" classname="com.webtest.lizhe.ChangePassword"/>
  <testcase name="test1" time="10.015" classname="com.webtest.lizhe.ChangePassword"/>
  <testcase name="test3" time="6.828" classname="com.webtest.lizhe.ChangePassword"/>
  <testcase name="test5" time="7.281" classname="com.webtest.lizhe.ChangePassword"/>
  <testcase name="test2" time="6.860" classname="com.webtest.lizhe.ChangePassword"/>
</testsuite> <!-- com.webtest.lizhe.ChangePassword -->
