<?xml version="1.0" encoding="UTF-8"?>
<!-- Generated by org.testng.reporters.JUnitReportReporter -->
<testsuite skipped="0" hostname="172_17_0_13" name="com.webtest.yezi.RegisterSuccessTest" tests="9" failures="0" timestamp="17 十二月 2019 13:26:33 GMT" time="137.703" errors="0">
  <testcase name="test13" time="5.156" classname="com.webtest.yezi.RegisterSuccessTest"/>
  <testcase name="test11" time="5.109" classname="com.webtest.yezi.RegisterSuccessTest"/>
  <testcase name="test14" time="5.125" classname="com.webtest.yezi.RegisterSuccessTest"/>
  <testcase name="test8" time="15.985" classname="com.webtest.yezi.RegisterSuccessTest"/>
  <testcase name="test7" time="15.875" classname="com.webtest.yezi.RegisterSuccessTest"/>
  <testcase name="test6" time="64.281" classname="com.webtest.yezi.RegisterSuccessTest"/>
  <testcase name="test9" time="15.797" classname="com.webtest.yezi.RegisterSuccessTest"/>
  <testcase name="test12" time="5.125" classname="com.webtest.yezi.RegisterSuccessTest"/>
  <testcase name="test10" time="5.250" classname="com.webtest.yezi.RegisterSuccessTest"/>
</testsuite> <!-- com.webtest.yezi.RegisterSuccessTest -->
