<?xml version="1.0" encoding="UTF-8"?>
<!-- Generated by org.testng.reporters.JUnitReportReporter -->
<testsuite skipped="0" hostname="DESKTOP-RP7FE1C" name="com.webtest.lizhe.NavigationManagement" tests="5" failures="0" timestamp="12 十二月 2019 02:38:28 GMT" time="74.128" errors="0">
  <testcase name="test1" time="19.500" classname="com.webtest.lizhe.NavigationManagement"/>
  <testcase name="test5" time="12.663" classname="com.webtest.lizhe.NavigationManagement"/>
  <testcase name="test2" time="13.357" classname="com.webtest.lizhe.NavigationManagement"/>
  <testcase name="test3" time="15.982" classname="com.webtest.lizhe.NavigationManagement"/>
  <testcase name="test4" time="12.626" classname="com.webtest.lizhe.NavigationManagement"/>
</testsuite> <!-- com.webtest.lizhe.NavigationManagement -->
