<?xml version="1.0" encoding="UTF-8"?>
<!-- Generated by org.testng.reporters.JUnitReportReporter -->
<testsuite skipped="0" hostname="DESKTOP-RP7FE1C" name="com.webtest.wangyiran.CommodityClassificationShow" tests="3" failures="0" timestamp="12 十二月 2019 03:18:42 GMT" time="50.755" errors="0">
  <testcase name="test2" time="16.806" classname="com.webtest.wangyiran.CommodityClassificationShow"/>
  <testcase name="test1" time="16.954" classname="com.webtest.wangyiran.CommodityClassificationShow"/>
  <testcase name="test3" time="16.995" classname="com.webtest.wangyiran.CommodityClassificationShow"/>
</testsuite> <!-- com.webtest.wangyiran.CommodityClassificationShow -->
