<?xml version="1.0" encoding="UTF-8"?>
<!-- Generated by org.testng.reporters.JUnitReportReporter -->
<testsuite skipped="0" hostname="DESKTOP-RP7FE1C" name="com.webtest.renzixuan.CaiWuGuanLi" tests="6" failures="0" timestamp="16 十二月 2019 13:32:02 GMT" time="80.573" errors="0">
  <testcase name="test2" time="12.974" classname="com.webtest.renzixuan.CaiWuGuanLi"/>
  <testcase name="test6" time="13.194" classname="com.webtest.renzixuan.CaiWuGuanLi"/>
  <testcase name="test1" time="18.422" classname="com.webtest.renzixuan.CaiWuGuanLi"/>
  <testcase name="test5" time="9.779" classname="com.webtest.renzixuan.CaiWuGuanLi"/>
  <testcase name="test3" time="13.043" classname="com.webtest.renzixuan.CaiWuGuanLi"/>
  <testcase name="test4" time="13.161" classname="com.webtest.renzixuan.CaiWuGuanLi"/>
</testsuite> <!-- com.webtest.renzixuan.CaiWuGuanLi -->
