<?xml version="1.0" encoding="UTF-8"?>
<!-- Generated by org.testng.reporters.JUnitReportReporter -->
<testsuite skipped="0" hostname="DESKTOP-RP7FE1C" name="com.webtest.wangliyu.Out" tests="2" failures="0" timestamp="16 十二月 2019 13:32:02 GMT" time="17.915" errors="0">
  <testcase name="test2" time="10.678" classname="com.webtest.wangliyu.Out"/>
  <testcase name="test1" time="7.237" classname="com.webtest.wangliyu.Out"/>
</testsuite> <!-- com.webtest.wangliyu.Out -->
