<?xml version="1.0" encoding="UTF-8"?>
<!-- Generated by org.testng.reporters.JUnitReportReporter -->
<testsuite skipped="0" hostname="DESKTOP-RP7FE1C" name="com.webtest.wangyiran.GoodsClassification" tests="2" failures="0" timestamp="16 十二月 2019 13:32:02 GMT" time="27.649" errors="0">
  <testcase name="test1" time="13.855" classname="com.webtest.wangyiran.GoodsClassification"/>
  <testcase name="test2" time="13.794" classname="com.webtest.wangyiran.GoodsClassification"/>
</testsuite> <!-- com.webtest.wangyiran.GoodsClassification -->
