<?xml version="1.0" encoding="UTF-8"?>
<!-- Generated by org.testng.reporters.JUnitReportReporter -->
<testsuite skipped="0" hostname="DESKTOP-RP7FE1C" name="com.webtest.wangyiran.IsSalingDoubleClick" tests="4" failures="0" timestamp="16 十二月 2019 13:32:02 GMT" time="72.202" errors="0">
  <testcase name="test3" time="18.010" classname="com.webtest.wangyiran.IsSalingDoubleClick"/>
  <testcase name="test4" time="18.006" classname="com.webtest.wangyiran.IsSalingDoubleClick"/>
  <testcase name="test1" time="18.194" classname="com.webtest.wangyiran.IsSalingDoubleClick"/>
  <testcase name="test2" time="17.992" classname="com.webtest.wangyiran.IsSalingDoubleClick"/>
</testsuite> <!-- com.webtest.wangyiran.IsSalingDoubleClick -->
