<?xml version="1.0" encoding="UTF-8"?>
<!-- Generated by org.testng.reporters.JUnitReportReporter -->
<testsuite skipped="0" hostname="DESKTOP-RP7FE1C" name="com.webtest.lizhe.AreaManagement" tests="6" failures="0" timestamp="16 十二月 2019 13:32:02 GMT" time="86.443" errors="0">
  <testcase name="test6" time="13.541" classname="com.webtest.lizhe.AreaManagement"/>
  <testcase name="test2" time="13.391" classname="com.webtest.lizhe.AreaManagement"/>
  <testcase name="test4" time="13.037" classname="com.webtest.lizhe.AreaManagement"/>
  <testcase name="test1" time="9.662" classname="com.webtest.lizhe.AreaManagement"/>
  <testcase name="test5" time="20.355" classname="com.webtest.lizhe.AreaManagement"/>
  <testcase name="test3" time="16.457" classname="com.webtest.lizhe.AreaManagement"/>
</testsuite> <!-- com.webtest.lizhe.AreaManagement -->
