<?xml version="1.0" encoding="UTF-8"?>
<!-- Generated by org.testng.reporters.JUnitReportReporter -->
<testsuite skipped="0" hostname="DESKTOP-RP7FE1C" name="com.webtest.wangliyu.WenzhangfenleiTest" tests="7" failures="0" timestamp="16 十二月 2019 13:32:02 GMT" time="167.559" errors="0">
  <testcase name="test3" time="13.705" classname="com.webtest.wangliyu.WenzhangfenleiTest"/>
  <testcase name="test2" time="20.821" classname="com.webtest.wangliyu.WenzhangfenleiTest"/>
  <testcase name="test7" time="21.859" classname="com.webtest.wangliyu.WenzhangfenleiTest"/>
  <testcase name="test4" time="28.303" classname="com.webtest.wangliyu.WenzhangfenleiTest"/>
  <testcase name="test5" time="29.233" classname="com.webtest.wangliyu.WenzhangfenleiTest"/>
  <testcase name="test1" time="33.716" classname="com.webtest.wangliyu.WenzhangfenleiTest"/>
  <testcase name="test6" time="19.922" classname="com.webtest.wangliyu.WenzhangfenleiTest"/>
</testsuite> <!-- com.webtest.wangliyu.WenzhangfenleiTest -->
