<?xml version="1.0" encoding="UTF-8"?>
<!-- Generated by org.testng.reporters.JUnitReportReporter -->
<testsuite skipped="0" hostname="DESKTOP-RP7FE1C" name="com.webtest.renzixuan.LoginHoutaiFail" tests="2" failures="0" timestamp="16 十二月 2019 13:32:02 GMT" time="17.785" errors="0">
  <testcase name="test2" time="7.978" classname="com.webtest.renzixuan.LoginHoutaiFail"/>
  <testcase name="test1" time="9.807" classname="com.webtest.renzixuan.LoginHoutaiFail"/>
</testsuite> <!-- com.webtest.renzixuan.LoginHoutaiFail -->
