<?xml version="1.0" encoding="UTF-8"?>
<!-- Generated by org.testng.reporters.JUnitReportReporter -->
<testsuite skipped="0" hostname="DESKTOP-RP7FE1C" name="com.webtest.myDemo.ShoppingTest" tests="2" failures="0" timestamp="03 十二月 2019 11:35:25 GMT" time="48.264" errors="0">
  <testcase name="test17" time="23.444" classname="com.webtest.myDemo.ShoppingTest"/>
  <testcase name="test16" time="24.820" classname="com.webtest.myDemo.ShoppingTest"/>
</testsuite> <!-- com.webtest.myDemo.ShoppingTest -->
