<?xml version="1.0" encoding="UTF-8"?>
<!-- Generated by org.testng.reporters.JUnitReportReporter -->
<testsuite skipped="0" hostname="DESKTOP-RP7FE1C" name="com.webtest.lizhe.ExpressManagement" tests="3" failures="0" timestamp="12 十二月 2019 02:38:28 GMT" time="39.221" errors="0">
  <testcase name="test2" time="13.075" classname="com.webtest.lizhe.ExpressManagement"/>
  <testcase name="test1" time="13.129" classname="com.webtest.lizhe.ExpressManagement"/>
  <testcase name="test3" time="13.017" classname="com.webtest.lizhe.ExpressManagement"/>
</testsuite> <!-- com.webtest.lizhe.ExpressManagement -->
