<?xml version="1.0" encoding="UTF-8"?>
<!-- Generated by org.testng.reporters.JUnitReportReporter -->
<testsuite skipped="0" hostname="DESKTOP-RP7FE1C" name="com.webtest.misiying.AttenctionGoodsTrans12" tests="12" failures="0" timestamp="16 十二月 2019 13:32:02 GMT" time="189.038" errors="0">
  <testcase name="test8" time="9.516" classname="com.webtest.misiying.AttenctionGoodsTrans12"/>
  <testcase name="test1" time="5.324" classname="com.webtest.misiying.AttenctionGoodsTrans12"/>
  <testcase name="test9" time="10.625" classname="com.webtest.misiying.AttenctionGoodsTrans12"/>
  <testcase name="test2" time="18.826" classname="com.webtest.misiying.AttenctionGoodsTrans12"/>
  <testcase name="test12" time="11.145" classname="com.webtest.misiying.AttenctionGoodsTrans12"/>
  <testcase name="test4" time="19.386" classname="com.webtest.misiying.AttenctionGoodsTrans12"/>
  <testcase name="test10" time="21.685" classname="com.webtest.misiying.AttenctionGoodsTrans12"/>
  <testcase name="test3" time="11.326" classname="com.webtest.misiying.AttenctionGoodsTrans12"/>
  <testcase name="test11" time="10.884" classname="com.webtest.misiying.AttenctionGoodsTrans12"/>
  <testcase name="test5" time="26.393" classname="com.webtest.misiying.AttenctionGoodsTrans12"/>
  <testcase name="test7" time="23.884" classname="com.webtest.misiying.AttenctionGoodsTrans12"/>
  <testcase name="test6" time="20.044" classname="com.webtest.misiying.AttenctionGoodsTrans12"/>
</testsuite> <!-- com.webtest.misiying.AttenctionGoodsTrans12 -->
