<?xml version="1.0" encoding="UTF-8"?>
<!-- Generated by org.testng.reporters.JUnitReportReporter -->
<testsuite skipped="0" hostname="DESKTOP-RP7FE1C" name="com.webtest.wangyiran.IsSailOperate" tests="2" failures="0" timestamp="12 十二月 2019 03:18:42 GMT" time="41.422" errors="0">
  <testcase name="test2" time="18.639" classname="com.webtest.wangyiran.IsSailOperate"/>
  <testcase name="test1" time="22.783" classname="com.webtest.wangyiran.IsSailOperate"/>
</testsuite> <!-- com.webtest.wangyiran.IsSailOperate -->
