<?xml version="1.0" encoding="UTF-8"?>
<!-- Generated by org.testng.reporters.JUnitReportReporter -->
<testsuite skipped="0" hostname="DESKTOP-RP7FE1C" name="com.webtest.renzixuan.Chakan" tests="6" failures="0" timestamp="16 十二月 2019 13:32:02 GMT" time="53.976" errors="0">
  <testcase name="test3" time="8.424" classname="com.webtest.renzixuan.Chakan"/>
  <testcase name="test6" time="8.446" classname="com.webtest.renzixuan.Chakan"/>
  <testcase name="test5" time="8.419" classname="com.webtest.renzixuan.Chakan"/>
  <testcase name="test2" time="8.444" classname="com.webtest.renzixuan.Chakan"/>
  <testcase name="test1" time="11.759" classname="com.webtest.renzixuan.Chakan"/>
  <testcase name="test4" time="8.484" classname="com.webtest.renzixuan.Chakan"/>
</testsuite> <!-- com.webtest.renzixuan.Chakan -->
