<?xml version="1.0" encoding="UTF-8"?>
<!-- Generated by org.testng.reporters.JUnitReportReporter -->
<testsuite skipped="0" hostname="DESKTOP-RP7FE1C" name="com.webtest.renzixuan.LoginFail" tests="3" failures="0" timestamp="16 十二月 2019 13:32:02 GMT" time="40.470" errors="0">
  <testcase name="test3" time="9.194" classname="com.webtest.renzixuan.LoginFail"/>
  <testcase name="test2" time="9.325" classname="com.webtest.renzixuan.LoginFail"/>
  <testcase name="test1" time="21.951" classname="com.webtest.renzixuan.LoginFail"/>
</testsuite> <!-- com.webtest.renzixuan.LoginFail -->
