<?xml version="1.0" encoding="UTF-8"?>
<!-- Generated by org.testng.reporters.JUnitReportReporter -->
<testsuite skipped="0" hostname="DESKTOP-RP7FE1C" name="com.webtest.lizhe.PayManagement" tests="3" failures="0" timestamp="12 十二月 2019 02:38:28 GMT" time="39.922" errors="0">
  <testcase name="test2" time="12.970" classname="com.webtest.lizhe.PayManagement"/>
  <testcase name="test1" time="13.986" classname="com.webtest.lizhe.PayManagement"/>
  <testcase name="test3" time="12.966" classname="com.webtest.lizhe.PayManagement"/>
</testsuite> <!-- com.webtest.lizhe.PayManagement -->
