<?xml version="1.0" encoding="UTF-8"?>
<!-- Generated by org.testng.reporters.JUnitReportReporter -->
<testsuite skipped="0" hostname="DESKTOP-RP7FE1C" name="com.webtest.lizhe.ExpressManagement" tests="3" failures="0" timestamp="16 十二月 2019 13:32:02 GMT" time="39.909" errors="0">
  <testcase name="test3" time="13.176" classname="com.webtest.lizhe.ExpressManagement"/>
  <testcase name="test1" time="13.440" classname="com.webtest.lizhe.ExpressManagement"/>
  <testcase name="test2" time="13.293" classname="com.webtest.lizhe.ExpressManagement"/>
</testsuite> <!-- com.webtest.lizhe.ExpressManagement -->
