<?xml version="1.0" encoding="UTF-8"?>
<!-- Generated by org.testng.reporters.JUnitReportReporter -->
<testsuite skipped="0" hostname="DESKTOP-RP7FE1C" name="com.webtest.wangliyu.ShouyeTest" tests="1" failures="0" timestamp="16 十二月 2019 13:32:02 GMT" time="12.125" errors="0">
  <testcase name="test1" time="12.125" classname="com.webtest.wangliyu.ShouyeTest"/>
</testsuite> <!-- com.webtest.wangliyu.ShouyeTest -->
