<?xml version="1.0" encoding="UTF-8"?>
<!-- Generated by org.testng.reporters.JUnitReportReporter -->
<testsuite skipped="0" hostname="DESKTOP-RP7FE1C" name="com.webtest.misiying.IntegralManage9" tests="9" failures="0" timestamp="16 十二月 2019 13:32:02 GMT" time="104.167" errors="0">
  <testcase name="test8" time="11.907" classname="com.webtest.misiying.IntegralManage9"/>
  <testcase name="test1" time="8.700" classname="com.webtest.misiying.IntegralManage9"/>
  <testcase name="test9" time="11.406" classname="com.webtest.misiying.IntegralManage9"/>
  <testcase name="test2" time="11.823" classname="com.webtest.misiying.IntegralManage9"/>
  <testcase name="test7" time="16.099" classname="com.webtest.misiying.IntegralManage9"/>
  <testcase name="test4" time="8.831" classname="com.webtest.misiying.IntegralManage9"/>
  <testcase name="test3" time="11.722" classname="com.webtest.misiying.IntegralManage9"/>
  <testcase name="test6" time="11.970" classname="com.webtest.misiying.IntegralManage9"/>
  <testcase name="test5" time="11.709" classname="com.webtest.misiying.IntegralManage9"/>
</testsuite> <!-- com.webtest.misiying.IntegralManage9 -->
