<?xml version="1.0" encoding="UTF-8"?>
<!-- Generated by org.testng.reporters.JUnitReportReporter -->
<testsuite skipped="0" hostname="DESKTOP-RP7FE1C" name="com.webtest.lizhe.BankManagement" tests="3" failures="0" timestamp="12 十二月 2019 02:38:28 GMT" time="48.205" errors="0">
  <testcase name="test1" time="16.176" classname="com.webtest.lizhe.BankManagement"/>
  <testcase name="test2" time="16.060" classname="com.webtest.lizhe.BankManagement"/>
  <testcase name="test3" time="15.969" classname="com.webtest.lizhe.BankManagement"/>
</testsuite> <!-- com.webtest.lizhe.BankManagement -->
