<?xml version="1.0" encoding="UTF-8"?>
<!-- Generated by org.testng.reporters.JUnitReportReporter -->
<testsuite skipped="0" hostname="DESKTOP-RP7FE1C" name="com.webtest.wangyiran.CommodityClassificationShow" tests="3" failures="0" timestamp="16 十二月 2019 13:32:02 GMT" time="51.497" errors="0">
  <testcase name="test3" time="17.306" classname="com.webtest.wangyiran.CommodityClassificationShow"/>
  <testcase name="test1" time="17.115" classname="com.webtest.wangyiran.CommodityClassificationShow"/>
  <testcase name="test2" time="17.076" classname="com.webtest.wangyiran.CommodityClassificationShow"/>
</testsuite> <!-- com.webtest.wangyiran.CommodityClassificationShow -->
