<?xml version="1.0" encoding="UTF-8"?>
<!-- Generated by org.testng.reporters.JUnitReportReporter -->
<testsuite skipped="0" hostname="DESKTOP-RP7FE1C" name="com.webtest.wangyiran.BrandManagment" tests="4" failures="0" timestamp="12 十二月 2019 03:18:42 GMT" time="80.143" errors="0">
  <testcase name="test3" time="20.350" classname="com.webtest.wangyiran.BrandManagment"/>
  <testcase name="test1" time="16.963" classname="com.webtest.wangyiran.BrandManagment"/>
  <testcase name="test2" time="20.517" classname="com.webtest.wangyiran.BrandManagment"/>
  <testcase name="test4" time="22.313" classname="com.webtest.wangyiran.BrandManagment"/>
</testsuite> <!-- com.webtest.wangyiran.BrandManagment -->
