<?xml version="1.0" encoding="UTF-8"?>
<!-- Generated by org.testng.reporters.JUnitReportReporter -->
<testsuite skipped="0" hostname="DESKTOP-RP7FE1C" name="com.webtest.wangyiran.BrandManagment" tests="4" failures="0" timestamp="16 十二月 2019 13:32:02 GMT" time="81.306" errors="0">
  <testcase name="test1" time="17.168" classname="com.webtest.wangyiran.BrandManagment"/>
  <testcase name="test4" time="22.641" classname="com.webtest.wangyiran.BrandManagment"/>
  <testcase name="test2" time="20.927" classname="com.webtest.wangyiran.BrandManagment"/>
  <testcase name="test3" time="20.570" classname="com.webtest.wangyiran.BrandManagment"/>
</testsuite> <!-- com.webtest.wangyiran.BrandManagment -->
