<?xml version="1.0" encoding="UTF-8"?>
<!-- Generated by org.testng.reporters.JUnitReportReporter -->
<testsuite skipped="0" hostname="DESKTOP-RP7FE1C" name="com.webtest.renzixuan.PinPaiTuiJian2" tests="7" failures="0" timestamp="16 十二月 2019 13:32:02 GMT" time="4302.646" errors="0">
  <testcase name="test5" time="25.840" classname="com.webtest.renzixuan.PinPaiTuiJian2"/>
  <testcase name="test6" time="22.779" classname="com.webtest.renzixuan.PinPaiTuiJian2"/>
  <testcase name="test3" time="13.146" classname="com.webtest.renzixuan.PinPaiTuiJian2"/>
  <testcase name="test2" time="4177.024" classname="com.webtest.renzixuan.PinPaiTuiJian2"/>
  <testcase name="test1" time="21.416" classname="com.webtest.renzixuan.PinPaiTuiJian2"/>
  <testcase name="test4" time="25.956" classname="com.webtest.renzixuan.PinPaiTuiJian2"/>
  <testcase name="test7" time="16.485" classname="com.webtest.renzixuan.PinPaiTuiJian2"/>
</testsuite> <!-- com.webtest.renzixuan.PinPaiTuiJian2 -->
