<?xml version="1.0" encoding="UTF-8"?>
<!-- Generated by org.testng.reporters.JUnitReportReporter -->
<testsuite skipped="0" hostname="DESKTOP-RP7FE1C" name="com.webtest.wangyiran.IsSailOperate" tests="2" failures="0" timestamp="16 十二月 2019 13:32:02 GMT" time="42.042" errors="0">
  <testcase name="test1" time="23.200" classname="com.webtest.wangyiran.IsSailOperate"/>
  <testcase name="test2" time="18.842" classname="com.webtest.wangyiran.IsSailOperate"/>
</testsuite> <!-- com.webtest.wangyiran.IsSailOperate -->
