<?xml version="1.0" encoding="UTF-8"?>
<!-- Generated by org.testng.reporters.JUnitReportReporter -->
<testsuite skipped="0" hostname="DESKTOP-RP7FE1C" name="com.webtest.demo.ShoppingTest" tests="1" failures="0" timestamp="26 十一月 2019 08:20:39 GMT" time="55.478" errors="0">
  <testcase name="test12" time="55.478" classname="com.webtest.demo.ShoppingTest"/>
</testsuite> <!-- com.webtest.demo.ShoppingTest -->
