<?xml version="1.0" encoding="UTF-8"?>
<!-- Generated by org.testng.reporters.JUnitReportReporter -->
<testsuite skipped="0" hostname="DESKTOP-RP7FE1C" name="com.webtest.lizhe.AdManagement" tests="2" failures="0" timestamp="16 十二月 2019 13:32:02 GMT" time="37.837" errors="0">
  <testcase name="test3" time="24.305" classname="com.webtest.lizhe.AdManagement"/>
  <testcase name="test1" time="13.532" classname="com.webtest.lizhe.AdManagement"/>
</testsuite> <!-- com.webtest.lizhe.AdManagement -->
