<?xml version="1.0" encoding="UTF-8"?>
<!-- Generated by org.testng.reporters.JUnitReportReporter -->
<testsuite skipped="0" hostname="DESKTOP-RP7FE1C" name="com.webtest.renzixuan.Chaxun" tests="8" failures="0" timestamp="16 十二月 2019 13:32:02 GMT" time="120.022" errors="0">
  <testcase name="test6" time="8.621" classname="com.webtest.renzixuan.Chaxun"/>
  <testcase name="test3" time="18.421" classname="com.webtest.renzixuan.Chaxun"/>
  <testcase name="test4" time="11.873" classname="com.webtest.renzixuan.Chaxun"/>
  <testcase name="test7" time="18.398" classname="com.webtest.renzixuan.Chaxun"/>
  <testcase name="test2" time="11.879" classname="com.webtest.renzixuan.Chaxun"/>
  <testcase name="test5" time="19.234" classname="com.webtest.renzixuan.Chaxun"/>
  <testcase name="test1" time="19.758" classname="com.webtest.renzixuan.Chaxun"/>
  <testcase name="test8" time="11.838" classname="com.webtest.renzixuan.Chaxun"/>
</testsuite> <!-- com.webtest.renzixuan.Chaxun -->
