<?xml version="1.0" encoding="UTF-8"?>
<!-- Generated by org.testng.reporters.JUnitReportReporter -->
<testsuite skipped="0" hostname="DESKTOP-RP7FE1C" name="com.webtest.lizhe.StoreConfiguration" tests="9" failures="0" timestamp="12 十二月 2019 02:38:28 GMT" time="121.113" errors="0">
  <testcase name="test4" time="14.451" classname="com.webtest.lizhe.StoreConfiguration"/>
  <testcase name="test9" time="16.731" classname="com.webtest.lizhe.StoreConfiguration"/>
  <testcase name="test8" time="14.368" classname="com.webtest.lizhe.StoreConfiguration"/>
  <testcase name="test2" time="9.824" classname="com.webtest.lizhe.StoreConfiguration"/>
  <testcase name="test5" time="14.401" classname="com.webtest.lizhe.StoreConfiguration"/>
  <testcase name="test1" time="9.779" classname="com.webtest.lizhe.StoreConfiguration"/>
  <testcase name="test7" time="14.435" classname="com.webtest.lizhe.StoreConfiguration"/>
  <testcase name="test3" time="12.701" classname="com.webtest.lizhe.StoreConfiguration"/>
  <testcase name="test6" time="14.423" classname="com.webtest.lizhe.StoreConfiguration"/>
</testsuite> <!-- com.webtest.lizhe.StoreConfiguration -->
