<?xml version="1.0" encoding="UTF-8"?>
<!-- Generated by org.testng.reporters.JUnitReportReporter -->
<testsuite skipped="0" hostname="DESKTOP-RP7FE1C" name="com.webtest.lizhe.FreightManagement" tests="3" failures="0" timestamp="12 十二月 2019 02:38:28 GMT" time="42.803" errors="0">
  <testcase name="test2" time="14.970" classname="com.webtest.lizhe.FreightManagement"/>
  <testcase name="test1" time="9.689" classname="com.webtest.lizhe.FreightManagement"/>
  <testcase name="test3" time="18.144" classname="com.webtest.lizhe.FreightManagement"/>
</testsuite> <!-- com.webtest.lizhe.FreightManagement -->
