<?xml version="1.0" encoding="UTF-8"?>
<!-- Generated by org.testng.reporters.JUnitReportReporter -->
<testsuite skipped="0" hostname="DESKTOP-RP7FE1C" name="com.webtest.lizhe.NavigationManagement" tests="5" failures="0" timestamp="16 十二月 2019 13:32:02 GMT" time="75.400" errors="0">
  <testcase name="test1" time="19.543" classname="com.webtest.lizhe.NavigationManagement"/>
  <testcase name="test2" time="13.851" classname="com.webtest.lizhe.NavigationManagement"/>
  <testcase name="test3" time="16.234" classname="com.webtest.lizhe.NavigationManagement"/>
  <testcase name="test5" time="12.924" classname="com.webtest.lizhe.NavigationManagement"/>
  <testcase name="test4" time="12.848" classname="com.webtest.lizhe.NavigationManagement"/>
</testsuite> <!-- com.webtest.lizhe.NavigationManagement -->
