<?xml version="1.0" encoding="UTF-8"?>
<!-- Generated by org.testng.reporters.JUnitReportReporter -->
<testsuite skipped="0" hostname="DESKTOP-RP7FE1C" name="com.webtest.myDemo.NewAddressTest" tests="1" failures="0" timestamp="03 十二月 2019 00:21:41 GMT" time="47.503" errors="0">
  <testcase name="test18" time="47.503" classname="com.webtest.myDemo.NewAddressTest"/>
</testsuite> <!-- com.webtest.myDemo.NewAddressTest -->
