<?xml version="1.0" encoding="UTF-8"?>
<!-- Generated by org.testng.reporters.JUnitReportReporter -->
<testsuite skipped="0" hostname="DESKTOP-RP7FE1C" name="com.webtest.demo.RegisterTest" tests="1" failures="0" timestamp="26 十一月 2019 08:29:15 GMT" time="13.780" errors="0">
  <testcase name="test15" time="13.780" classname="com.webtest.demo.RegisterTest"/>
</testsuite> <!-- com.webtest.demo.RegisterTest -->
