<?xml version="1.0" encoding="UTF-8"?>
<!-- Generated by org.testng.reporters.JUnitReportReporter -->
<testsuite skipped="0" hostname="DESKTOP-RP7FE1C" name="com.webtest.wangyiran.IsSalingDoubleClick" tests="4" failures="0" timestamp="12 十二月 2019 03:18:42 GMT" time="71.265" errors="0">
  <testcase name="test3" time="17.854" classname="com.webtest.wangyiran.IsSalingDoubleClick"/>
  <testcase name="test4" time="17.799" classname="com.webtest.wangyiran.IsSalingDoubleClick"/>
  <testcase name="test2" time="17.778" classname="com.webtest.wangyiran.IsSalingDoubleClick"/>
  <testcase name="test1" time="17.834" classname="com.webtest.wangyiran.IsSalingDoubleClick"/>
</testsuite> <!-- com.webtest.wangyiran.IsSalingDoubleClick -->
