<?xml version="1.0" encoding="UTF-8"?>
<!-- Generated by org.testng.reporters.JUnitReportReporter -->
<testsuite skipped="0" hostname="DESKTOP-RP7FE1C" name="com.webtest.lizhe.AdAddress" tests="2" failures="0" timestamp="16 十二月 2019 13:32:02 GMT" time="33.852" errors="0">
  <testcase name="test1" time="13.529" classname="com.webtest.lizhe.AdAddress"/>
  <testcase name="test2" time="20.323" classname="com.webtest.lizhe.AdAddress"/>
</testsuite> <!-- com.webtest.lizhe.AdAddress -->
