<?xml version="1.0" encoding="UTF-8"?>
<!-- Generated by org.testng.reporters.JUnitReportReporter -->
<testsuite skipped="0" hostname="DESKTOP-RP7FE1C" name="com.webtest.lizhe.ChangePassword" tests="5" failures="0" timestamp="16 十二月 2019 13:32:02 GMT" time="41.673" errors="0">
  <testcase name="test3" time="6.978" classname="com.webtest.lizhe.ChangePassword"/>
  <testcase name="test1" time="10.498" classname="com.webtest.lizhe.ChangePassword"/>
  <testcase name="test2" time="6.982" classname="com.webtest.lizhe.ChangePassword"/>
  <testcase name="test4" time="10.342" classname="com.webtest.lizhe.ChangePassword"/>
  <testcase name="test5" time="6.873" classname="com.webtest.lizhe.ChangePassword"/>
</testsuite> <!-- com.webtest.lizhe.ChangePassword -->
