<?xml version="1.0" encoding="UTF-8"?>
<!-- Generated by org.testng.reporters.JUnitReportReporter -->
<testsuite skipped="0" hostname="DESKTOP-RP7FE1C" name="com.webtest.renzixuan.ShangPinGuanLi" tests="5" failures="0" timestamp="16 十二月 2019 13:32:02 GMT" time="69.000" errors="0">
  <testcase name="test1" time="13.071" classname="com.webtest.renzixuan.ShangPinGuanLi"/>
  <testcase name="test3" time="9.765" classname="com.webtest.renzixuan.ShangPinGuanLi"/>
  <testcase name="test2" time="13.513" classname="com.webtest.renzixuan.ShangPinGuanLi"/>
  <testcase name="test5" time="19.591" classname="com.webtest.renzixuan.ShangPinGuanLi"/>
  <testcase name="test4" time="13.060" classname="com.webtest.renzixuan.ShangPinGuanLi"/>
</testsuite> <!-- com.webtest.renzixuan.ShangPinGuanLi -->
