<?xml version="1.0" encoding="UTF-8"?>
<!-- Generated by org.testng.reporters.JUnitReportReporter -->
<testsuite skipped="0" hostname="DESKTOP-RP7FE1C" name="com.webtest.renzixuan.DingDanQuxiao" tests="4" failures="0" timestamp="16 十二月 2019 13:32:02 GMT" time="76.139" errors="0">
  <testcase name="test3" time="22.286" classname="com.webtest.renzixuan.DingDanQuxiao"/>
  <testcase name="test2" time="22.263" classname="com.webtest.renzixuan.DingDanQuxiao"/>
  <testcase name="test4" time="15.771" classname="com.webtest.renzixuan.DingDanQuxiao"/>
  <testcase name="test1" time="15.819" classname="com.webtest.renzixuan.DingDanQuxiao"/>
</testsuite> <!-- com.webtest.renzixuan.DingDanQuxiao -->
