<?xml version="1.0" encoding="UTF-8"?>
<!-- Generated by org.testng.reporters.JUnitReportReporter -->
<testsuite skipped="0" hostname="DESKTOP-RP7FE1C" name="com.webtest.demo.Admin_Login" tests="1" failures="0" timestamp="14 十一月 2019 02:51:41 GMT" time="4.344" errors="0">
  <testcase name="testLogin" time="4.344" classname="com.webtest.demo.Admin_Login"/>
</testsuite> <!-- com.webtest.demo.Admin_Login -->
