<?xml version="1.0" encoding="UTF-8"?>
<!-- Generated by org.testng.reporters.JUnitReportReporter -->
<testsuite skipped="0" hostname="DESKTOP-RP7FE1C" name="com.webtest.misiying.BackStaffManagement" tests="3" failures="0" timestamp="16 十二月 2019 13:32:02 GMT" time="55.336" errors="0">
  <testcase name="test2" time="15.874" classname="com.webtest.misiying.BackStaffManagement"/>
  <testcase name="test3" time="16.353" classname="com.webtest.misiying.BackStaffManagement"/>
  <testcase name="test1" time="23.109" classname="com.webtest.misiying.BackStaffManagement"/>
</testsuite> <!-- com.webtest.misiying.BackStaffManagement -->
