<?xml version="1.0" encoding="UTF-8"?>
<!-- Generated by org.testng.reporters.JUnitReportReporter -->
<testsuite skipped="0" hostname="DESKTOP-RP7FE1C" name="com.webtest.misiying.BackRoleManagerFail" tests="1" failures="0" timestamp="16 十二月 2019 01:18:10 GMT" time="32.256" errors="0">
  <testcase name="test3" time="32.256" classname="com.webtest.misiying.BackRoleManagerFail"/>
</testsuite> <!-- com.webtest.misiying.BackRoleManagerFail -->
