<?xml version="1.0" encoding="UTF-8"?>
<!-- Generated by org.testng.reporters.JUnitReportReporter -->
<testsuite skipped="0" hostname="DESKTOP-RP7FE1C" name="com.webtest.misiying.BackMassageControll" tests="1" failures="0" timestamp="16 十二月 2019 13:32:02 GMT" time="13.269" errors="0">
  <testcase name="test1" time="13.269" classname="com.webtest.misiying.BackMassageControll"/>
</testsuite> <!-- com.webtest.misiying.BackMassageControll -->
