<?xml version="1.0" encoding="UTF-8"?>
<!-- Generated by org.testng.reporters.JUnitReportReporter -->
<testsuite skipped="0" hostname="DESKTOP-RP7FE1C" name="com.webtest.lizhe.BlogRoll" tests="3" failures="0" timestamp="16 十二月 2019 13:32:02 GMT" time="66.815" errors="0">
  <testcase name="test3" time="26.438" classname="com.webtest.lizhe.BlogRoll"/>
  <testcase name="test1" time="27.002" classname="com.webtest.lizhe.BlogRoll"/>
  <testcase name="test2" time="13.375" classname="com.webtest.lizhe.BlogRoll"/>
</testsuite> <!-- com.webtest.lizhe.BlogRoll -->
