<?xml version="1.0" encoding="UTF-8"?>
<!-- Generated by org.testng.reporters.JUnitReportReporter -->
<testsuite skipped="0" hostname="DESKTOP-RP7FE1C" name="com.webtest.lizhe.AdManagement" tests="2" failures="0" timestamp="12 十二月 2019 02:38:28 GMT" time="36.214" errors="0">
  <testcase name="test1" time="13.543" classname="com.webtest.lizhe.AdManagement"/>
  <testcase name="test3" time="22.671" classname="com.webtest.lizhe.AdManagement"/>
</testsuite> <!-- com.webtest.lizhe.AdManagement -->
