<?xml version="1.0" encoding="UTF-8"?>
<!-- Generated by org.testng.reporters.JUnitReportReporter -->
<testsuite skipped="0" hostname="DESKTOP-RP7FE1C" name="com.webtest.lizhe.ChangePassword" tests="5" failures="0" timestamp="12 十二月 2019 02:38:28 GMT" time="40.653" errors="0">
  <testcase name="test5" time="6.780" classname="com.webtest.lizhe.ChangePassword"/>
  <testcase name="test3" time="6.878" classname="com.webtest.lizhe.ChangePassword"/>
  <testcase name="test1" time="10.029" classname="com.webtest.lizhe.ChangePassword"/>
  <testcase name="test4" time="10.132" classname="com.webtest.lizhe.ChangePassword"/>
  <testcase name="test2" time="6.834" classname="com.webtest.lizhe.ChangePassword"/>
</testsuite> <!-- com.webtest.lizhe.ChangePassword -->
