<?xml version="1.0" encoding="UTF-8"?>
<!-- Generated by org.testng.reporters.JUnitReportReporter -->
<testsuite skipped="0" hostname="DESKTOP-RP7FE1C" name="com.webtest.lizhe.FreightManagement" tests="3" failures="0" timestamp="16 十二月 2019 13:32:02 GMT" time="43.777" errors="0">
  <testcase name="test1" time="10.039" classname="com.webtest.lizhe.FreightManagement"/>
  <testcase name="test2" time="15.177" classname="com.webtest.lizhe.FreightManagement"/>
  <testcase name="test3" time="18.561" classname="com.webtest.lizhe.FreightManagement"/>
</testsuite> <!-- com.webtest.lizhe.FreightManagement -->
