<?xml version="1.0" encoding="UTF-8"?>
<!-- Generated by org.testng.reporters.JUnitReportReporter -->
<testsuite skipped="0" hostname="DESKTOP-RP7FE1C" name="com.webtest.misiying.BackRoleManager" tests="3" failures="0" timestamp="16 十二月 2019 13:32:02 GMT" time="65.020" errors="0">
  <testcase name="test3" time="22.403" classname="com.webtest.misiying.BackRoleManager"/>
  <testcase name="test2" time="19.392" classname="com.webtest.misiying.BackRoleManager"/>
  <testcase name="test1" time="23.225" classname="com.webtest.misiying.BackRoleManager"/>
</testsuite> <!-- com.webtest.misiying.BackRoleManager -->
