<?xml version="1.0" encoding="UTF-8"?>
<!-- Generated by org.testng.reporters.JUnitReportReporter -->
<testsuite skipped="0" hostname="DESKTOP-RP7FE1C" name="com.webtest.lizhe.BlogRoll" tests="3" failures="0" timestamp="12 十二月 2019 02:38:28 GMT" time="65.472" errors="0">
  <testcase name="test2" time="13.056" classname="com.webtest.lizhe.BlogRoll"/>
  <testcase name="test3" time="26.039" classname="com.webtest.lizhe.BlogRoll"/>
  <testcase name="test1" time="26.377" classname="com.webtest.lizhe.BlogRoll"/>
</testsuite> <!-- com.webtest.lizhe.BlogRoll -->
