<?xml version="1.0" encoding="UTF-8"?>
<!-- Generated by org.testng.reporters.JUnitReportReporter -->
<testsuite skipped="0" hostname="DESKTOP-RP7FE1C" name="com.webtest.lizhe.AreaManagement" tests="6" failures="0" timestamp="12 十二月 2019 02:38:28 GMT" time="86.173" errors="0">
  <testcase name="test1" time="9.727" classname="com.webtest.lizhe.AreaManagement"/>
  <testcase name="test6" time="13.185" classname="com.webtest.lizhe.AreaManagement"/>
  <testcase name="test5" time="20.193" classname="com.webtest.lizhe.AreaManagement"/>
  <testcase name="test2" time="13.449" classname="com.webtest.lizhe.AreaManagement"/>
  <testcase name="test4" time="13.123" classname="com.webtest.lizhe.AreaManagement"/>
  <testcase name="test3" time="16.496" classname="com.webtest.lizhe.AreaManagement"/>
</testsuite> <!-- com.webtest.lizhe.AreaManagement -->
