<?xml version="1.0" encoding="UTF-8"?>
<!-- Generated by org.testng.reporters.JUnitReportReporter -->
<testsuite skipped="0" hostname="DESKTOP-RP7FE1C" name="com.webtest.myDemo.OpenFriendshipLinkTest" tests="5" failures="0" timestamp="04 十二月 2019 06:09:15 GMT" time="77.311" errors="0">
  <testcase name="test32" time="16.157" classname="com.webtest.myDemo.OpenFriendshipLinkTest"/>
  <testcase name="test33" time="14.456" classname="com.webtest.myDemo.OpenFriendshipLinkTest"/>
  <testcase name="test29" time="26.381" classname="com.webtest.myDemo.OpenFriendshipLinkTest"/>
  <testcase name="test31" time="10.263" classname="com.webtest.myDemo.OpenFriendshipLinkTest"/>
  <testcase name="test30" time="10.054" classname="com.webtest.myDemo.OpenFriendshipLinkTest"/>
</testsuite> <!-- com.webtest.myDemo.OpenFriendshipLinkTest -->
