<?xml version="1.0" encoding="UTF-8"?>
<!-- Generated by org.testng.reporters.JUnitReportReporter -->
<testsuite skipped="0" hostname="DESKTOP-RP7FE1C" name="com.webtest.lizhe.AdAddress" tests="2" failures="0" timestamp="12 十二月 2019 02:38:28 GMT" time="33.137" errors="0">
  <testcase name="test1" time="13.446" classname="com.webtest.lizhe.AdAddress"/>
  <testcase name="test2" time="19.691" classname="com.webtest.lizhe.AdAddress"/>
</testsuite> <!-- com.webtest.lizhe.AdAddress -->
