<?xml version="1.0" encoding="UTF-8"?>
<!-- Generated by org.testng.reporters.JUnitReportReporter -->
<testsuite skipped="0" hostname="DESKTOP-RP7FE1C" name="com.webtest.wangyiran.GoodsClassification" tests="2" failures="0" timestamp="12 十二月 2019 03:18:42 GMT" time="27.237" errors="0">
  <testcase name="test1" time="13.657" classname="com.webtest.wangyiran.GoodsClassification"/>
  <testcase name="test2" time="13.580" classname="com.webtest.wangyiran.GoodsClassification"/>
</testsuite> <!-- com.webtest.wangyiran.GoodsClassification -->
