<?xml version="1.0" encoding="UTF-8"?>
<!-- Generated by org.testng.reporters.JUnitReportReporter -->
<testsuite skipped="0" hostname="DESKTOP-RP7FE1C" name="com.webtest.misiying.LogOut_Success" tests="1" failures="0" timestamp="16 十二月 2019 13:32:02 GMT" time="34.616" errors="0">
  <testcase name="test1" time="34.616" classname="com.webtest.misiying.LogOut_Success"/>
</testsuite> <!-- com.webtest.misiying.LogOut_Success -->
